<?xml version="1.0" encoding="UTF-8"?>
<testng-results ignored="0" total="1" passed="1" failed="0" skipped="0">
  <reporter-output>
  </reporter-output>
  <suite started-at="2025-12-30T21:01:15 IST" name="Ecommerce Test Suite" finished-at="2025-12-30T21:01:32 IST" duration-ms="16166">
    <groups>
    </groups>
    <test started-at="2025-12-30T21:01:15 IST" name="End to End Tests" finished-at="2025-12-30T21:01:32 IST" duration-ms="16166">
      <class name="tests.EcommerceTest">
        <test-method is-config="true" signature="setup()[pri:0, instance:tests.EcommerceTest@5ae50ce6]" started-at="2025-12-30T21:01:16 IST" name="setup" finished-at="2025-12-30T21:01:18 IST" duration-ms="2787" status="PASS">
          <reporter-output>
          </reporter-output>
        </test-method> <!-- setup -->
        <test-method signature="endToEndEcommerceTest()[pri:0, instance:tests.EcommerceTest@5ae50ce6]" started-at="2025-12-30T21:01:18 IST" name="endToEndEcommerceTest" finished-at="2025-12-30T21:01:32 IST" duration-ms="13253" status="PASS">
          <reporter-output>
          </reporter-output>
        </test-method> <!-- endToEndEcommerceTest -->
        <test-method is-config="true" signature="tearDown()[pri:0, instance:tests.EcommerceTest@5ae50ce6]" started-at="2025-12-30T21:01:32 IST" name="tearDown" finished-at="2025-12-30T21:01:32 IST" duration-ms="93" status="PASS">
          <reporter-output>
          </reporter-output>
        </test-method> <!-- tearDown -->
      </class> <!-- tests.EcommerceTest -->
    </test> <!-- End to End Tests -->
  </suite> <!-- Ecommerce Test Suite -->
</testng-results>
